{"/Users/fadiyounes/PycharmProjects/PoputchikiInno/frontend/components/Map.js": {"path":"/Users/fadiyounes/PycharmProjects/PoputchikiInno/frontend/components/Map.js","statementMap":{"0":{"start":{"line":6,"column":12},"end":{"line":19,"column":1}},"1":{"start":{"line":7,"column":2},"end":{"line":18,"column":4}},"2":{"start":{"line":23,"column":15},"end":{"line":23,"column":36}}},"fnMap":{"0":{"name":"(anonymous_0)","decl":{"start":{"line":6,"column":12},"end":{"line":6,"column":13}},"loc":{"start":{"line":6,"column":18},"end":{"line":19,"column":1}},"line":6}},"branchMap":{},"s":{"0":2,"1":2,"2":2},"f":{"0":2},"b":{},"_coverageSchema":"1a1c01bbd47fc00a2c39e90264f33305004495a9","hash":"9f2d3c298755068d155957dcc1d1413cd0c054b2"}
,"/Users/fadiyounes/PycharmProjects/PoputchikiInno/frontend/screens/AboutUsScreen.js": {"path":"/Users/fadiyounes/PycharmProjects/PoputchikiInno/frontend/screens/AboutUsScreen.js","statementMap":{"0":{"start":{"line":4,"column":22},"end":{"line":10,"column":1}},"1":{"start":{"line":5,"column":4},"end":{"line":9,"column":6}},"2":{"start":{"line":14,"column":15},"end":{"line":20,"column":2}}},"fnMap":{"0":{"name":"(anonymous_0)","decl":{"start":{"line":4,"column":22},"end":{"line":4,"column":23}},"loc":{"start":{"line":4,"column":40},"end":{"line":10,"column":1}},"line":4}},"branchMap":{},"s":{"0":1,"1":1,"2":1},"f":{"0":1},"b":{},"_coverageSchema":"1a1c01bbd47fc00a2c39e90264f33305004495a9","hash":"e67f4853fd2af868113dc7604e364d914fb7553c"}
,"/Users/fadiyounes/PycharmProjects/PoputchikiInno/frontend/screens/MapScreen.js": {"path":"/Users/fadiyounes/PycharmProjects/PoputchikiInno/frontend/screens/MapScreen.js","statementMap":{"0":{"start":{"line":7,"column":25},"end":{"line":7,"column":66}},"1":{"start":{"line":9,"column":18},"end":{"line":36,"column":1}},"2":{"start":{"line":10,"column":2},"end":{"line":35,"column":4}},"3":{"start":{"line":40,"column":15},"end":{"line":46,"column":2}}},"fnMap":{"0":{"name":"(anonymous_0)","decl":{"start":{"line":9,"column":18},"end":{"line":9,"column":19}},"loc":{"start":{"line":9,"column":38},"end":{"line":36,"column":1}},"line":9}},"branchMap":{},"s":{"0":1,"1":1,"2":1,"3":1},"f":{"0":1},"b":{},"_coverageSchema":"1a1c01bbd47fc00a2c39e90264f33305004495a9","hash":"c450a184c23ab01074baa4c45de9e63eb8a3d807"}
,"/Users/fadiyounes/PycharmProjects/PoputchikiInno/frontend/screens/ProfileScreen.js": {"path":"/Users/fadiyounes/PycharmProjects/PoputchikiInno/frontend/screens/ProfileScreen.js","statementMap":{"0":{"start":{"line":4,"column":22},"end":{"line":10,"column":1}},"1":{"start":{"line":5,"column":4},"end":{"line":9,"column":6}},"2":{"start":{"line":14,"column":15},"end":{"line":20,"column":2}}},"fnMap":{"0":{"name":"(anonymous_0)","decl":{"start":{"line":4,"column":22},"end":{"line":4,"column":23}},"loc":{"start":{"line":4,"column":40},"end":{"line":10,"column":1}},"line":4}},"branchMap":{},"s":{"0":1,"1":1,"2":1},"f":{"0":1},"b":{},"_coverageSchema":"1a1c01bbd47fc00a2c39e90264f33305004495a9","hash":"5c70fa02e34729cbae85d66bc822b5b0c84a6169"}
,"/Users/fadiyounes/PycharmProjects/PoputchikiInno/frontend/screens/SearchScreen.js": {"path":"/Users/fadiyounes/PycharmProjects/PoputchikiInno/frontend/screens/SearchScreen.js","statementMap":{"0":{"start":{"line":8,"column":21},"end":{"line":102,"column":1}},"1":{"start":{"line":11,"column":27},"end":{"line":11,"column":39}},"2":{"start":{"line":12,"column":34},"end":{"line":12,"column":49}},"3":{"start":{"line":14,"column":19},"end":{"line":43,"column":3}},"4":{"start":{"line":15,"column":21},"end":{"line":15,"column":31}},"5":{"start":{"line":16,"column":17},"end":{"line":16,"column":60}},"6":{"start":{"line":17,"column":8},"end":{"line":17,"column":26}},"7":{"start":{"line":18,"column":25},"end":{"line":28,"column":18}},"8":{"start":{"line":29,"column":16},"end":{"line":29,"column":37}},"9":{"start":{"line":31,"column":6},"end":{"line":31,"column":22}},"10":{"start":{"line":33,"column":20},"end":{"line":33,"column":29}},"11":{"start":{"line":36,"column":6},"end":{"line":41,"column":5}},"12":{"start":{"line":37,"column":8},"end":{"line":39,"column":11}},"13":{"start":{"line":40,"column":8},"end":{"line":40,"column":15}},"14":{"start":{"line":45,"column":15},"end":{"line":64,"column":3}},"15":{"start":{"line":46,"column":4},"end":{"line":63,"column":11}},"16":{"start":{"line":52,"column":36},"end":{"line":52,"column":48}},"17":{"start":{"line":66,"column":19},"end":{"line":81,"column":3}},"18":{"start":{"line":67,"column":17},"end":{"line":67,"column":51}},"19":{"start":{"line":68,"column":4},"end":{"line":68,"column":21}},"20":{"start":{"line":69,"column":21},"end":{"line":80,"column":39}},"21":{"start":{"line":75,"column":26},"end":{"line":75,"column":41}},"22":{"start":{"line":77,"column":10},"end":{"line":77,"column":31}},"23":{"start":{"line":79,"column":20},"end":{"line":79,"column":38}},"24":{"start":{"line":80,"column":21},"end":{"line":80,"column":38}},"25":{"start":{"line":83,"column":2},"end":{"line":86,"column":7}},"26":{"start":{"line":84,"column":4},"end":{"line":84,"column":21}},"27":{"start":{"line":85,"column":4},"end":{"line":85,"column":15}},"28":{"start":{"line":88,"column":21},"end":{"line":90,"column":3}},"29":{"start":{"line":89,"column":4},"end":{"line":89,"column":146}},"30":{"start":{"line":92,"column":4},"end":{"line":101,"column":6}},"31":{"start":{"line":97,"column":30},"end":{"line":97,"column":48}},"32":{"start":{"line":106,"column":15},"end":{"line":136,"column":2}}},"fnMap":{"0":{"name":"(anonymous_0)","decl":{"start":{"line":8,"column":21},"end":{"line":8,"column":22}},"loc":{"start":{"line":8,"column":39},"end":{"line":102,"column":1}},"line":8},"1":{"name":"(anonymous_1)","decl":{"start":{"line":14,"column":19},"end":{"line":14,"column":20}},"loc":{"start":{"line":14,"column":38},"end":{"line":43,"column":3}},"line":14},"2":{"name":"(anonymous_2)","decl":{"start":{"line":45,"column":15},"end":{"line":45,"column":16}},"loc":{"start":{"line":46,"column":4},"end":{"line":63,"column":11}},"line":46},"3":{"name":"(anonymous_3)","decl":{"start":{"line":52,"column":29},"end":{"line":52,"column":30}},"loc":{"start":{"line":52,"column":35},"end":{"line":52,"column":49}},"line":52},"4":{"name":"(anonymous_4)","decl":{"start":{"line":66,"column":19},"end":{"line":66,"column":20}},"loc":{"start":{"line":66,"column":31},"end":{"line":81,"column":3}},"line":66},"5":{"name":"(anonymous_5)","decl":{"start":{"line":75,"column":14},"end":{"line":75,"column":15}},"loc":{"start":{"line":75,"column":26},"end":{"line":75,"column":41}},"line":75},"6":{"name":"(anonymous_6)","decl":{"start":{"line":76,"column":12},"end":{"line":76,"column":13}},"loc":{"start":{"line":76,"column":20},"end":{"line":78,"column":7}},"line":76},"7":{"name":"(anonymous_7)","decl":{"start":{"line":79,"column":13},"end":{"line":79,"column":14}},"loc":{"start":{"line":79,"column":20},"end":{"line":79,"column":38}},"line":79},"8":{"name":"(anonymous_8)","decl":{"start":{"line":80,"column":15},"end":{"line":80,"column":16}},"loc":{"start":{"line":80,"column":21},"end":{"line":80,"column":38}},"line":80},"9":{"name":"(anonymous_9)","decl":{"start":{"line":83,"column":12},"end":{"line":83,"column":13}},"loc":{"start":{"line":83,"column":18},"end":{"line":86,"column":1}},"line":83},"10":{"name":"(anonymous_10)","decl":{"start":{"line":88,"column":21},"end":{"line":88,"column":22}},"loc":{"start":{"line":89,"column":4},"end":{"line":89,"column":146}},"line":89},"11":{"name":"(anonymous_11)","decl":{"start":{"line":97,"column":22},"end":{"line":97,"column":23}},"loc":{"start":{"line":97,"column":30},"end":{"line":97,"column":48}},"line":97}},"branchMap":{"0":{"loc":{"start":{"line":36,"column":6},"end":{"line":41,"column":5}},"type":"if","locations":[{"start":{"line":36,"column":6},"end":{"line":41,"column":5}},{"start":{"line":36,"column":6},"end":{"line":41,"column":5}}],"line":36},"1":{"loc":{"start":{"line":109,"column":15},"end":{"line":109,"column":43}},"type":"binary-expr","locations":[{"start":{"line":109,"column":15},"end":{"line":109,"column":38}},{"start":{"line":109,"column":42},"end":{"line":109,"column":43}}],"line":109}},"s":{"0":1,"1":1,"2":1,"3":1,"4":0,"5":0,"6":0,"7":0,"8":0,"9":0,"10":0,"11":0,"12":0,"13":0,"14":1,"15":0,"16":0,"17":1,"18":0,"19":0,"20":0,"21":0,"22":0,"23":0,"24":0,"25":1,"26":0,"27":0,"28":1,"29":0,"30":1,"31":0,"32":1},"f":{"0":1,"1":0,"2":0,"3":0,"4":0,"5":0,"6":0,"7":0,"8":0,"9":0,"10":0,"11":0},"b":{"0":[0,0],"1":[1,1]},"_coverageSchema":"1a1c01bbd47fc00a2c39e90264f33305004495a9","hash":"06f0a7a49e97c4c08c26fea71d0510a7fc633b87"}
,"/Users/fadiyounes/PycharmProjects/PoputchikiInno/frontend/screens/TripsScreen.js": {"path":"/Users/fadiyounes/PycharmProjects/PoputchikiInno/frontend/screens/TripsScreen.js","statementMap":{"0":{"start":{"line":5,"column":20},"end":{"line":81,"column":1}},"1":{"start":{"line":7,"column":21},"end":{"line":7,"column":31}},"2":{"start":{"line":9,"column":16},"end":{"line":9,"column":26}},"3":{"start":{"line":11,"column":27},"end":{"line":11,"column":39}},"4":{"start":{"line":12,"column":34},"end":{"line":12,"column":49}},"5":{"start":{"line":14,"column":15},"end":{"line":21,"column":3}},"6":{"start":{"line":15,"column":4},"end":{"line":20,"column":11}},"7":{"start":{"line":23,"column":19},"end":{"line":42,"column":5}},"8":{"start":{"line":24,"column":21},"end":{"line":24,"column":31}},"9":{"start":{"line":25,"column":17},"end":{"line":25,"column":59}},"10":{"start":{"line":26,"column":4},"end":{"line":26,"column":21}},"11":{"start":{"line":27,"column":21},"end":{"line":41,"column":39}},"12":{"start":{"line":36,"column":26},"end":{"line":36,"column":41}},"13":{"start":{"line":38,"column":10},"end":{"line":38,"column":31}},"14":{"start":{"line":40,"column":20},"end":{"line":40,"column":38}},"15":{"start":{"line":41,"column":21},"end":{"line":41,"column":38}},"16":{"start":{"line":44,"column":2},"end":{"line":47,"column":7}},"17":{"start":{"line":45,"column":4},"end":{"line":45,"column":21}},"18":{"start":{"line":46,"column":4},"end":{"line":46,"column":15}},"19":{"start":{"line":49,"column":21},"end":{"line":51,"column":3}},"20":{"start":{"line":50,"column":4},"end":{"line":50,"column":131}},"21":{"start":{"line":54,"column":4},"end":{"line":80,"column":6}},"22":{"start":{"line":61,"column":30},"end":{"line":61,"column":48}},"23":{"start":{"line":68,"column":35},"end":{"line":68,"column":64}},"24":{"start":{"line":85,"column":15},"end":{"line":120,"column":2}}},"fnMap":{"0":{"name":"(anonymous_0)","decl":{"start":{"line":5,"column":20},"end":{"line":5,"column":21}},"loc":{"start":{"line":5,"column":38},"end":{"line":81,"column":1}},"line":5},"1":{"name":"(anonymous_1)","decl":{"start":{"line":14,"column":15},"end":{"line":14,"column":16}},"loc":{"start":{"line":15,"column":4},"end":{"line":20,"column":11}},"line":15},"2":{"name":"(anonymous_2)","decl":{"start":{"line":23,"column":19},"end":{"line":23,"column":20}},"loc":{"start":{"line":23,"column":31},"end":{"line":42,"column":5}},"line":23},"3":{"name":"(anonymous_3)","decl":{"start":{"line":36,"column":14},"end":{"line":36,"column":15}},"loc":{"start":{"line":36,"column":26},"end":{"line":36,"column":41}},"line":36},"4":{"name":"(anonymous_4)","decl":{"start":{"line":37,"column":12},"end":{"line":37,"column":13}},"loc":{"start":{"line":37,"column":20},"end":{"line":39,"column":7}},"line":37},"5":{"name":"(anonymous_5)","decl":{"start":{"line":40,"column":13},"end":{"line":40,"column":14}},"loc":{"start":{"line":40,"column":20},"end":{"line":40,"column":38}},"line":40},"6":{"name":"(anonymous_6)","decl":{"start":{"line":41,"column":15},"end":{"line":41,"column":16}},"loc":{"start":{"line":41,"column":21},"end":{"line":41,"column":38}},"line":41},"7":{"name":"(anonymous_7)","decl":{"start":{"line":44,"column":12},"end":{"line":44,"column":13}},"loc":{"start":{"line":44,"column":18},"end":{"line":47,"column":1}},"line":44},"8":{"name":"(anonymous_8)","decl":{"start":{"line":49,"column":21},"end":{"line":49,"column":22}},"loc":{"start":{"line":50,"column":4},"end":{"line":50,"column":131}},"line":50},"9":{"name":"(anonymous_9)","decl":{"start":{"line":61,"column":22},"end":{"line":61,"column":23}},"loc":{"start":{"line":61,"column":30},"end":{"line":61,"column":48}},"line":61},"10":{"name":"(anonymous_10)","decl":{"start":{"line":68,"column":29},"end":{"line":68,"column":30}},"loc":{"start":{"line":68,"column":35},"end":{"line":68,"column":64}},"line":68}},"branchMap":{"0":{"loc":{"start":{"line":65,"column":31},"end":{"line":65,"column":76}},"type":"cond-expr","locations":[{"start":{"line":65,"column":44},"end":{"line":65,"column":59}},{"start":{"line":65,"column":62},"end":{"line":65,"column":76}}],"line":65},"1":{"loc":{"start":{"line":88,"column":15},"end":{"line":88,"column":43}},"type":"binary-expr","locations":[{"start":{"line":88,"column":15},"end":{"line":88,"column":38}},{"start":{"line":88,"column":42},"end":{"line":88,"column":43}}],"line":88}},"s":{"0":1,"1":1,"2":1,"3":1,"4":1,"5":1,"6":0,"7":1,"8":0,"9":0,"10":0,"11":0,"12":0,"13":0,"14":0,"15":0,"16":1,"17":0,"18":0,"19":1,"20":0,"21":1,"22":0,"23":0,"24":1},"f":{"0":1,"1":0,"2":0,"3":0,"4":0,"5":0,"6":0,"7":0,"8":0,"9":0,"10":0},"b":{"0":[0,1],"1":[1,1]},"_coverageSchema":"1a1c01bbd47fc00a2c39e90264f33305004495a9","hash":"15e58748782339390c5882a0045e35e48344ab27"}
}
