TN:
SF:components/Map.js
FN:6,(anonymous_0)
FNF:1
FNH:1
FNDA:2,(anonymous_0)
DA:6,2
DA:7,2
DA:23,2
LF:3
LH:3
BRF:0
BRH:0
end_of_record
TN:
SF:screens/AboutUsScreen.js
FN:4,(anonymous_0)
FNF:1
FNH:1
FNDA:1,(anonymous_0)
DA:4,1
DA:5,1
DA:14,1
LF:3
LH:3
BRF:0
BRH:0
end_of_record
TN:
SF:screens/MapScreen.js
FN:9,(anonymous_0)
FNF:1
FNH:1
FNDA:1,(anonymous_0)
DA:7,1
DA:9,1
DA:10,1
DA:40,1
LF:4
LH:4
BRF:0
BRH:0
end_of_record
TN:
SF:screens/ProfileScreen.js
FN:4,(anonymous_0)
FNF:1
FNH:1
FNDA:1,(anonymous_0)
DA:4,1
DA:5,1
DA:14,1
LF:3
LH:3
BRF:0
BRH:0
end_of_record
TN:
SF:screens/SearchScreen.js
FN:8,(anonymous_0)
FN:14,(anonymous_1)
FN:45,(anonymous_2)
FN:52,(anonymous_3)
FN:66,(anonymous_4)
FN:75,(anonymous_5)
FN:76,(anonymous_6)
FN:79,(anonymous_7)
FN:80,(anonymous_8)
FN:83,(anonymous_9)
FN:88,(anonymous_10)
FN:97,(anonymous_11)
FNF:12
FNH:1
FNDA:1,(anonymous_0)
FNDA:0,(anonymous_1)
FNDA:0,(anonymous_2)
FNDA:0,(anonymous_3)
FNDA:0,(anonymous_4)
FNDA:0,(anonymous_5)
FNDA:0,(anonymous_6)
FNDA:0,(anonymous_7)
FNDA:0,(anonymous_8)
FNDA:0,(anonymous_9)
FNDA:0,(anonymous_10)
FNDA:0,(anonymous_11)
DA:8,1
DA:11,1
DA:12,1
DA:14,1
DA:15,0
DA:16,0
DA:17,0
DA:18,0
DA:29,0
DA:31,0
DA:33,0
DA:36,0
DA:37,0
DA:40,0
DA:45,1
DA:46,0
DA:52,0
DA:66,1
DA:67,0
DA:68,0
DA:69,0
DA:75,0
DA:77,0
DA:79,0
DA:80,0
DA:83,1
DA:84,0
DA:85,0
DA:88,1
DA:89,0
DA:92,1
DA:97,0
DA:106,1
LF:33
LH:10
BRDA:36,0,0,0
BRDA:36,0,1,0
BRDA:109,1,0,1
BRDA:109,1,1,1
BRF:4
BRH:2
end_of_record
TN:
SF:screens/TripsScreen.js
FN:5,(anonymous_0)
FN:14,(anonymous_1)
FN:23,(anonymous_2)
FN:36,(anonymous_3)
FN:37,(anonymous_4)
FN:40,(anonymous_5)
FN:41,(anonymous_6)
FN:44,(anonymous_7)
FN:49,(anonymous_8)
FN:61,(anonymous_9)
FN:68,(anonymous_10)
FNF:11
FNH:1
FNDA:1,(anonymous_0)
FNDA:0,(anonymous_1)
FNDA:0,(anonymous_2)
FNDA:0,(anonymous_3)
FNDA:0,(anonymous_4)
FNDA:0,(anonymous_5)
FNDA:0,(anonymous_6)
FNDA:0,(anonymous_7)
FNDA:0,(anonymous_8)
FNDA:0,(anonymous_9)
FNDA:0,(anonymous_10)
DA:5,1
DA:7,1
DA:9,1
DA:11,1
DA:12,1
DA:14,1
DA:15,0
DA:23,1
DA:24,0
DA:25,0
DA:26,0
DA:27,0
DA:36,0
DA:38,0
DA:40,0
DA:41,0
DA:44,1
DA:45,0
DA:46,0
DA:49,1
DA:50,0
DA:54,1
DA:61,0
DA:68,0
DA:85,1
LF:25
LH:11
BRDA:65,0,0,0
BRDA:65,0,1,1
BRDA:88,1,0,1
BRDA:88,1,1,1
BRF:4
BRH:3
end_of_record
